<?xml version="1.0" encoding="UTF-8"?>
<testng-results skipped="0" failed="3" ignored="0" total="6" passed="3">
  <reporter-output>
    <line>
      <![CDATA[INFO: The value found with Environment variable Falcon is: Falcon]]>
    </line>
    <line>
      <![CDATA[INFO: The value found with Environment Module variable signupTest is: signupTest]]>
    </line>
    <line>
      <![CDATA[The value found with Environment variable WIN_10_chrome_84, WIN_10_firefox_83 is: WIN_10_chrome_84, WIN_10_firefox_83]]>
    </line>
    <line>
      <![CDATA[INFO: Clients Found: [Falcon]
]]>
    </line>
    <line>
      <![CDATA[INFO: Modules Selected: [signupTest]
]]>
    </line>
    <line>
      <![CDATA[INFO: New Suite Created with name: Falcon-Sample- WIN_10_firefox_83]]>
    </line>
    <line>
      <![CDATA[<?xml version="1.0" encoding="UTF-8"?>
<!DOCTYPE suite SYSTEM "http://testng.org/testng-1.0.dtd">
<suite name="Falcon-Sample- WIN_10_firefox_83">
  <parameter name="os" value=" WIN"/>
  <parameter name="osVersion" value="10"/>
  <parameter name="browser" value="firefox"/>
  <parameter name="browserVersion" value="83"/>
  <test thread-count="5" name="SampleTest">
    <classes>
      <class name="com.atmecs.falcon_web.demoblaze.testscript.SignUpTest"/>
    </classes>
  </test> <!-- SampleTest -->
</suite> <!-- Falcon-Sample- WIN_10_firefox_83 -->
]]>
    </line>
    <line>
      <![CDATA[INFO: New Suite Created with name: Falcon-Sample-WIN_10_chrome_84]]>
    </line>
    <line>
      <![CDATA[<?xml version="1.0" encoding="UTF-8"?>
<!DOCTYPE suite SYSTEM "http://testng.org/testng-1.0.dtd">
<suite name="Falcon-Sample-WIN_10_chrome_84">
  <parameter name="os" value="WIN"/>
  <parameter name="osVersion" value="10"/>
  <parameter name="browser" value="chrome"/>
  <parameter name="browserVersion" value="84"/>
  <test thread-count="5" name="SampleTest">
    <classes>
      <class name="com.atmecs.falcon_web.demoblaze.testscript.SignUpTest"/>
    </classes>
  </test> <!-- SampleTest -->
</suite> <!-- Falcon-Sample-WIN_10_chrome_84 -->
]]>
    </line>
    <line>
      <![CDATA[Click on SignUp Link]]>
    </line>
    <line>
      <![CDATA[Insert Username to Signup]]>
    </line>
    <line>
      <![CDATA[INFO: The value found with Environment variable Falcon is: Falcon]]>
    </line>
    <line>
      <![CDATA[INFO: The value found with Environment Module variable signupTest is: signupTest]]>
    </line>
    <line>
      <![CDATA[The value found with Environment variable WIN_10_chrome_84, WIN_10_firefox_83 is: WIN_10_chrome_84, WIN_10_firefox_83]]>
    </line>
    <line>
      <![CDATA[INFO: Clients Found: [Falcon]
]]>
    </line>
    <line>
      <![CDATA[INFO: Modules Selected: [signupTest]
]]>
    </line>
    <line>
      <![CDATA[INFO: New Suite Created with name: Falcon-Sample- WIN_10_firefox_83]]>
    </line>
    <line>
      <![CDATA[<?xml version="1.0" encoding="UTF-8"?>
<!DOCTYPE suite SYSTEM "http://testng.org/testng-1.0.dtd">
<suite name="Falcon-Sample- WIN_10_firefox_83">
  <parameter name="os" value=" WIN"/>
  <parameter name="osVersion" value="10"/>
  <parameter name="browser" value="firefox"/>
  <parameter name="browserVersion" value="83"/>
  <test thread-count="5" name="SampleTest">
    <classes>
      <class name="com.atmecs.falcon_web.demoblaze.testscript.SignUpTest"/>
    </classes>
  </test> <!-- SampleTest -->
</suite> <!-- Falcon-Sample- WIN_10_firefox_83 -->
]]>
    </line>
    <line>
      <![CDATA[INFO: New Suite Created with name: Falcon-Sample-WIN_10_chrome_84]]>
    </line>
    <line>
      <![CDATA[<?xml version="1.0" encoding="UTF-8"?>
<!DOCTYPE suite SYSTEM "http://testng.org/testng-1.0.dtd">
<suite name="Falcon-Sample-WIN_10_chrome_84">
  <parameter name="os" value="WIN"/>
  <parameter name="osVersion" value="10"/>
  <parameter name="browser" value="chrome"/>
  <parameter name="browserVersion" value="84"/>
  <test thread-count="5" name="SampleTest">
    <classes>
      <class name="com.atmecs.falcon_web.demoblaze.testscript.SignUpTest"/>
    </classes>
  </test> <!-- SampleTest -->
</suite> <!-- Falcon-Sample-WIN_10_chrome_84 -->
]]>
    </line>
    <line>
      <![CDATA[Click on SignUp Link]]>
    </line>
    <line>
      <![CDATA[Insert Username to Signup]]>
    </line>
    <line>
      <![CDATA[Insert Password to Signup]]>
    </line>
    <line>
      <![CDATA[Click On SignUp Button]]>
    </line>
    <line>
      <![CDATA[Getting Alert Message]]>
    </line>
    <line>
      <![CDATA[Alert Message = This user already exist.]]>
    </line>
    <line>
      <![CDATA[Click on SignUp Link]]>
    </line>
    <line>
      <![CDATA[Insert Username to Signup]]>
    </line>
    <line>
      <![CDATA[Click on SignUp Link]]>
    </line>
    <line>
      <![CDATA[Insert Username to Signup]]>
    </line>
    <line>
      <![CDATA[Insert Password to Signup]]>
    </line>
    <line>
      <![CDATA[Click On SignUp Button]]>
    </line>
    <line>
      <![CDATA[Getting Alert Message]]>
    </line>
    <line>
      <![CDATA[Click on SignUp Link]]>
    </line>
    <line>
      <![CDATA[Insert Username to Signup]]>
    </line>
    <line>
      <![CDATA[Alert Message = This user already exist.]]>
    </line>
    <line>
      <![CDATA[Click on SignUp Link]]>
    </line>
    <line>
      <![CDATA[Insert Username to Signup]]>
    </line>
    <line>
      <![CDATA[Insert Password to Signup]]>
    </line>
    <line>
      <![CDATA[Click On SignUp Button]]>
    </line>
    <line>
      <![CDATA[Getting Alert Message]]>
    </line>
    <line>
      <![CDATA[Alert Message = This user already exist.]]>
    </line>
  </reporter-output>
  <suite name="Falcon-Sample-WIN_10_chrome_84" duration-ms="42681" started-at="2020-12-01T13:03:37Z" finished-at="2020-12-01T13:04:19Z">
    <groups>
    </groups>
    <test name="SampleTest" duration-ms="42681" started-at="2020-12-01T13:03:37Z" finished-at="2020-12-01T13:04:19Z">
      <class name="com.atmecs.falcon_web.demoblaze.testscript.SignUpTest">
        <test-method status="PASS" signature="preSetup()[pri:0, instance:com.atmecs.falcon_web.demoblaze.testscript.SignUpTest@5266b44f]" name="preSetup" is-config="true" duration-ms="131" started-at="2020-12-01T13:03:37Z" finished-at="2020-12-01T13:03:37Z">
          <reporter-output>
          </reporter-output>
        </test-method> <!-- preSetup -->
        <test-method status="PASS" signature="initalizeBrowser(java.lang.String, java.lang.String, java.lang.String, java.lang.String)[pri:0, instance:com.atmecs.falcon_web.demoblaze.testscript.SignUpTest@5266b44f]" name="initalizeBrowser" is-config="true" duration-ms="1" started-at="2020-12-01T13:03:37Z" finished-at="2020-12-01T13:03:37Z">
          <params>
            <param index="0">
              <value>
                <![CDATA[WIN]]>
              </value>
            </param>
            <param index="1">
              <value>
                <![CDATA[10]]>
              </value>
            </param>
            <param index="2">
              <value>
                <![CDATA[chrome]]>
              </value>
            </param>
            <param index="3">
              <value>
                <![CDATA[84]]>
              </value>
            </param>
          </params>
          <reporter-output>
          </reporter-output>
        </test-method> <!-- initalizeBrowser -->
        <test-method status="FAIL" signature="testSignUp(java.lang.String, java.lang.String)[pri:0, instance:com.atmecs.falcon_web.demoblaze.testscript.SignUpTest@5266b44f]" name="testSignUp" duration-ms="15006" started-at="2020-12-01T13:03:37Z" data-provider="DataSheet" finished-at="2020-12-01T13:03:52Z">
          <params>
            <param index="0">
              <value>
                <![CDATA[ansuman]]>
              </value>
            </param>
            <param index="1">
              <value>
                <![CDATA[Ansu@123]]>
              </value>
            </param>
          </params>
          <exception class="org.openqa.selenium.ElementNotInteractableException">
            <message>
              <![CDATA[element not interactable
  (Session info: chrome=87.0.4280.66)
Build info: version: '3.141.59', revision: 'e82be7d358', time: '2018-11-14T08:17:03'
System info: host: 'ATMECSINLT-405', ip: '192.168.137.1', os.name: 'Windows 10', os.arch: 'amd64', os.version: '10.0', java.version: '1.8.0_251'
Driver info: org.openqa.selenium.chrome.ChromeDriver
Capabilities {acceptInsecureCerts: false, browserName: chrome, browserVersion: 87.0.4280.66, chrome: {chromedriverVersion: 87.0.4280.20 (c99e81631faa0..., userDataDir: C:\Users\ANSUMA~1.PAR\AppDa...}, goog:chromeOptions: {debuggerAddress: localhost:65277}, javascriptEnabled: true, networkConnectionEnabled: false, pageLoadStrategy: normal, platform: WINDOWS, platformName: WINDOWS, proxy: Proxy(), setWindowRect: true, strictFileInteractability: false, timeouts: {implicit: 0, pageLoad: 300000, script: 30000}, unhandledPromptBehavior: dismiss and notify, webauthn:virtualAuthenticators: true}
Session ID: e879fc33a5b179e6821e5c136a38d011]]>
            </message>
            <full-stacktrace>
              <![CDATA[org.openqa.selenium.ElementNotInteractableException: element not interactable
  (Session info: chrome=87.0.4280.66)
Build info: version: '3.141.59', revision: 'e82be7d358', time: '2018-11-14T08:17:03'
System info: host: 'ATMECSINLT-405', ip: '192.168.137.1', os.name: 'Windows 10', os.arch: 'amd64', os.version: '10.0', java.version: '1.8.0_251'
Driver info: org.openqa.selenium.chrome.ChromeDriver
Capabilities {acceptInsecureCerts: false, browserName: chrome, browserVersion: 87.0.4280.66, chrome: {chromedriverVersion: 87.0.4280.20 (c99e81631faa0..., userDataDir: C:\Users\ANSUMA~1.PAR\AppDa...}, goog:chromeOptions: {debuggerAddress: localhost:65277}, javascriptEnabled: true, networkConnectionEnabled: false, pageLoadStrategy: normal, platform: WINDOWS, platformName: WINDOWS, proxy: Proxy(), setWindowRect: true, strictFileInteractability: false, timeouts: {implicit: 0, pageLoad: 300000, script: 30000}, unhandledPromptBehavior: dismiss and notify, webauthn:virtualAuthenticators: true}
Session ID: e879fc33a5b179e6821e5c136a38d011
at sun.reflect.NativeConstructorAccessorImpl.newInstance0(Native Method)
at sun.reflect.NativeConstructorAccessorImpl.newInstance(Unknown Source)
at sun.reflect.DelegatingConstructorAccessorImpl.newInstance(Unknown Source)
at java.lang.reflect.Constructor.newInstance(Unknown Source)
at org.openqa.selenium.remote.http.W3CHttpResponseCodec.createException(W3CHttpResponseCodec.java:187)
at org.openqa.selenium.remote.http.W3CHttpResponseCodec.decode(W3CHttpResponseCodec.java:122)
at org.openqa.selenium.remote.http.W3CHttpResponseCodec.decode(W3CHttpResponseCodec.java:49)
at org.openqa.selenium.remote.HttpCommandExecutor.execute(HttpCommandExecutor.java:158)
at org.openqa.selenium.remote.service.DriverCommandExecutor.execute(DriverCommandExecutor.java:83)
at org.openqa.selenium.remote.RemoteWebDriver.execute(RemoteWebDriver.java:552)
at org.openqa.selenium.remote.RemoteWebElement.execute(RemoteWebElement.java:285)
at org.openqa.selenium.remote.RemoteWebElement.sendKeys(RemoteWebElement.java:106)
at com.atmecs.falcon.automation.ui.selenium.TextField.enterTextField(TextField.java:45)
at com.atmecs.falcon_web.demoblaze.pages.SignupPage.signUp(SignupPage.java:23)
at com.atmecs.falcon_web.demoblaze.testscript.SignUpTest.testSignUp(SignUpTest.java:33)
at sun.reflect.NativeMethodAccessorImpl.invoke0(Native Method)
at sun.reflect.NativeMethodAccessorImpl.invoke(Unknown Source)
at sun.reflect.DelegatingMethodAccessorImpl.invoke(Unknown Source)
at java.lang.reflect.Method.invoke(Unknown Source)
at org.testng.internal.MethodInvocationHelper.invokeMethod(MethodInvocationHelper.java:124)
at org.testng.internal.Invoker.invokeMethod(Invoker.java:583)
at org.testng.internal.Invoker.invokeTestMethod(Invoker.java:719)
at org.testng.internal.Invoker.invokeTestMethods(Invoker.java:989)
at org.testng.internal.TestMethodWorker.invokeTestMethods(TestMethodWorker.java:125)
at org.testng.internal.TestMethodWorker.run(TestMethodWorker.java:109)
at org.testng.TestRunner.privateRun(TestRunner.java:648)
at org.testng.TestRunner.run(TestRunner.java:505)
at org.testng.SuiteRunner.runTest(SuiteRunner.java:455)
at org.testng.SuiteRunner.runSequentially(SuiteRunner.java:450)
at org.testng.SuiteRunner.privateRun(SuiteRunner.java:415)
at org.testng.SuiteRunner.run(SuiteRunner.java:364)
at org.testng.SuiteRunnerWorker.runSuite(SuiteRunnerWorker.java:52)
at org.testng.SuiteRunnerWorker.run(SuiteRunnerWorker.java:84)
at java.util.concurrent.ThreadPoolExecutor.runWorker(Unknown Source)
at java.util.concurrent.ThreadPoolExecutor$Worker.run(Unknown Source)
at java.lang.Thread.run(Unknown Source)
]]>
            </full-stacktrace>
          </exception> <!-- org.openqa.selenium.ElementNotInteractableException -->
          <reporter-output>
            <line>
              <![CDATA[Click on SignUp Link]]>
            </line>
            <line>
              <![CDATA[Insert Username to Signup]]>
            </line>
          </reporter-output>
        </test-method> <!-- testSignUp -->
        <test-method status="PASS" signature="closeBrowser()[pri:0, instance:com.atmecs.falcon_web.demoblaze.testscript.SignUpTest@5266b44f]" name="closeBrowser" is-config="true" duration-ms="570" started-at="2020-12-01T13:03:52Z" finished-at="2020-12-01T13:03:53Z">
          <reporter-output>
          </reporter-output>
        </test-method> <!-- closeBrowser -->
        <test-method status="PASS" signature="initalizeBrowser(java.lang.String, java.lang.String, java.lang.String, java.lang.String)[pri:0, instance:com.atmecs.falcon_web.demoblaze.testscript.SignUpTest@5266b44f]" name="initalizeBrowser" is-config="true" duration-ms="1" started-at="2020-12-01T13:03:53Z" finished-at="2020-12-01T13:03:53Z">
          <params>
            <param index="0">
              <value>
                <![CDATA[WIN]]>
              </value>
            </param>
            <param index="1">
              <value>
                <![CDATA[10]]>
              </value>
            </param>
            <param index="2">
              <value>
                <![CDATA[chrome]]>
              </value>
            </param>
            <param index="3">
              <value>
                <![CDATA[84]]>
              </value>
            </param>
          </params>
          <reporter-output>
          </reporter-output>
        </test-method> <!-- initalizeBrowser -->
        <test-method status="FAIL" signature="testSignUp(java.lang.String, java.lang.String)[pri:0, instance:com.atmecs.falcon_web.demoblaze.testscript.SignUpTest@5266b44f]" name="testSignUp" duration-ms="13913" started-at="2020-12-01T13:03:53Z" data-provider="DataSheet" finished-at="2020-12-01T13:04:07Z">
          <params>
            <param index="0">
              <value>
                <![CDATA[ansumanparida]]>
              </value>
            </param>
            <param index="1">
              <value>
                <![CDATA[Ap@1234]]>
              </value>
            </param>
          </params>
          <exception class="org.openqa.selenium.ElementNotInteractableException">
            <message>
              <![CDATA[element not interactable
  (Session info: chrome=87.0.4280.66)
Build info: version: '3.141.59', revision: 'e82be7d358', time: '2018-11-14T08:17:03'
System info: host: 'ATMECSINLT-405', ip: '192.168.137.1', os.name: 'Windows 10', os.arch: 'amd64', os.version: '10.0', java.version: '1.8.0_251'
Driver info: org.openqa.selenium.chrome.ChromeDriver
Capabilities {acceptInsecureCerts: false, browserName: chrome, browserVersion: 87.0.4280.66, chrome: {chromedriverVersion: 87.0.4280.20 (c99e81631faa0..., userDataDir: C:\Users\ANSUMA~1.PAR\AppDa...}, goog:chromeOptions: {debuggerAddress: localhost:65338}, javascriptEnabled: true, networkConnectionEnabled: false, pageLoadStrategy: normal, platform: WINDOWS, platformName: WINDOWS, proxy: Proxy(), setWindowRect: true, strictFileInteractability: false, timeouts: {implicit: 0, pageLoad: 300000, script: 30000}, unhandledPromptBehavior: dismiss and notify, webauthn:virtualAuthenticators: true}
Session ID: 62c72e9b0f3e1601de85d5c4519b39aa]]>
            </message>
            <full-stacktrace>
              <![CDATA[org.openqa.selenium.ElementNotInteractableException: element not interactable
  (Session info: chrome=87.0.4280.66)
Build info: version: '3.141.59', revision: 'e82be7d358', time: '2018-11-14T08:17:03'
System info: host: 'ATMECSINLT-405', ip: '192.168.137.1', os.name: 'Windows 10', os.arch: 'amd64', os.version: '10.0', java.version: '1.8.0_251'
Driver info: org.openqa.selenium.chrome.ChromeDriver
Capabilities {acceptInsecureCerts: false, browserName: chrome, browserVersion: 87.0.4280.66, chrome: {chromedriverVersion: 87.0.4280.20 (c99e81631faa0..., userDataDir: C:\Users\ANSUMA~1.PAR\AppDa...}, goog:chromeOptions: {debuggerAddress: localhost:65338}, javascriptEnabled: true, networkConnectionEnabled: false, pageLoadStrategy: normal, platform: WINDOWS, platformName: WINDOWS, proxy: Proxy(), setWindowRect: true, strictFileInteractability: false, timeouts: {implicit: 0, pageLoad: 300000, script: 30000}, unhandledPromptBehavior: dismiss and notify, webauthn:virtualAuthenticators: true}
Session ID: 62c72e9b0f3e1601de85d5c4519b39aa
at sun.reflect.NativeConstructorAccessorImpl.newInstance0(Native Method)
at sun.reflect.NativeConstructorAccessorImpl.newInstance(Unknown Source)
at sun.reflect.DelegatingConstructorAccessorImpl.newInstance(Unknown Source)
at java.lang.reflect.Constructor.newInstance(Unknown Source)
at org.openqa.selenium.remote.http.W3CHttpResponseCodec.createException(W3CHttpResponseCodec.java:187)
at org.openqa.selenium.remote.http.W3CHttpResponseCodec.decode(W3CHttpResponseCodec.java:122)
at org.openqa.selenium.remote.http.W3CHttpResponseCodec.decode(W3CHttpResponseCodec.java:49)
at org.openqa.selenium.remote.HttpCommandExecutor.execute(HttpCommandExecutor.java:158)
at org.openqa.selenium.remote.service.DriverCommandExecutor.execute(DriverCommandExecutor.java:83)
at org.openqa.selenium.remote.RemoteWebDriver.execute(RemoteWebDriver.java:552)
at org.openqa.selenium.remote.RemoteWebElement.execute(RemoteWebElement.java:285)
at org.openqa.selenium.remote.RemoteWebElement.sendKeys(RemoteWebElement.java:106)
at com.atmecs.falcon.automation.ui.selenium.TextField.enterTextField(TextField.java:45)
at com.atmecs.falcon_web.demoblaze.pages.SignupPage.signUp(SignupPage.java:23)
at com.atmecs.falcon_web.demoblaze.testscript.SignUpTest.testSignUp(SignUpTest.java:33)
at sun.reflect.NativeMethodAccessorImpl.invoke0(Native Method)
at sun.reflect.NativeMethodAccessorImpl.invoke(Unknown Source)
at sun.reflect.DelegatingMethodAccessorImpl.invoke(Unknown Source)
at java.lang.reflect.Method.invoke(Unknown Source)
at org.testng.internal.MethodInvocationHelper.invokeMethod(MethodInvocationHelper.java:124)
at org.testng.internal.Invoker.invokeMethod(Invoker.java:583)
at org.testng.internal.Invoker.invokeTestMethod(Invoker.java:719)
at org.testng.internal.Invoker.invokeTestMethods(Invoker.java:989)
at org.testng.internal.TestMethodWorker.invokeTestMethods(TestMethodWorker.java:125)
at org.testng.internal.TestMethodWorker.run(TestMethodWorker.java:109)
at org.testng.TestRunner.privateRun(TestRunner.java:648)
at org.testng.TestRunner.run(TestRunner.java:505)
at org.testng.SuiteRunner.runTest(SuiteRunner.java:455)
at org.testng.SuiteRunner.runSequentially(SuiteRunner.java:450)
at org.testng.SuiteRunner.privateRun(SuiteRunner.java:415)
at org.testng.SuiteRunner.run(SuiteRunner.java:364)
at org.testng.SuiteRunnerWorker.runSuite(SuiteRunnerWorker.java:52)
at org.testng.SuiteRunnerWorker.run(SuiteRunnerWorker.java:84)
at java.util.concurrent.ThreadPoolExecutor.runWorker(Unknown Source)
at java.util.concurrent.ThreadPoolExecutor$Worker.run(Unknown Source)
at java.lang.Thread.run(Unknown Source)
]]>
            </full-stacktrace>
          </exception> <!-- org.openqa.selenium.ElementNotInteractableException -->
          <reporter-output>
            <line>
              <![CDATA[Click on SignUp Link]]>
            </line>
            <line>
              <![CDATA[Insert Username to Signup]]>
            </line>
          </reporter-output>
        </test-method> <!-- testSignUp -->
        <test-method status="PASS" signature="closeBrowser()[pri:0, instance:com.atmecs.falcon_web.demoblaze.testscript.SignUpTest@5266b44f]" name="closeBrowser" is-config="true" duration-ms="233" started-at="2020-12-01T13:04:07Z" finished-at="2020-12-01T13:04:07Z">
          <reporter-output>
          </reporter-output>
        </test-method> <!-- closeBrowser -->
        <test-method status="PASS" signature="initalizeBrowser(java.lang.String, java.lang.String, java.lang.String, java.lang.String)[pri:0, instance:com.atmecs.falcon_web.demoblaze.testscript.SignUpTest@5266b44f]" name="initalizeBrowser" is-config="true" duration-ms="1" started-at="2020-12-01T13:04:07Z" finished-at="2020-12-01T13:04:07Z">
          <params>
            <param index="0">
              <value>
                <![CDATA[WIN]]>
              </value>
            </param>
            <param index="1">
              <value>
                <![CDATA[10]]>
              </value>
            </param>
            <param index="2">
              <value>
                <![CDATA[chrome]]>
              </value>
            </param>
            <param index="3">
              <value>
                <![CDATA[84]]>
              </value>
            </param>
          </params>
          <reporter-output>
          </reporter-output>
        </test-method> <!-- initalizeBrowser -->
        <test-method status="FAIL" signature="testSignUp(java.lang.String, java.lang.String)[pri:0, instance:com.atmecs.falcon_web.demoblaze.testscript.SignUpTest@5266b44f]" name="testSignUp" duration-ms="11871" started-at="2020-12-01T13:04:07Z" data-provider="DataSheet" finished-at="2020-12-01T13:04:19Z">
          <params>
            <param index="0">
              <value>
                <![CDATA[atmecs]]>
              </value>
            </param>
            <param index="1">
              <value>
                <![CDATA[Atmecs@1]]>
              </value>
            </param>
          </params>
          <exception class="org.openqa.selenium.ElementNotInteractableException">
            <message>
              <![CDATA[element not interactable
  (Session info: chrome=87.0.4280.66)
Build info: version: '3.141.59', revision: 'e82be7d358', time: '2018-11-14T08:17:03'
System info: host: 'ATMECSINLT-405', ip: '192.168.137.1', os.name: 'Windows 10', os.arch: 'amd64', os.version: '10.0', java.version: '1.8.0_251'
Driver info: org.openqa.selenium.chrome.ChromeDriver
Capabilities {acceptInsecureCerts: false, browserName: chrome, browserVersion: 87.0.4280.66, chrome: {chromedriverVersion: 87.0.4280.20 (c99e81631faa0..., userDataDir: C:\Users\ANSUMA~1.PAR\AppDa...}, goog:chromeOptions: {debuggerAddress: localhost:65378}, javascriptEnabled: true, networkConnectionEnabled: false, pageLoadStrategy: normal, platform: WINDOWS, platformName: WINDOWS, proxy: Proxy(), setWindowRect: true, strictFileInteractability: false, timeouts: {implicit: 0, pageLoad: 300000, script: 30000}, unhandledPromptBehavior: dismiss and notify, webauthn:virtualAuthenticators: true}
Session ID: 87c75a20289707c93a1d9ab42512c2c2]]>
            </message>
            <full-stacktrace>
              <![CDATA[org.openqa.selenium.ElementNotInteractableException: element not interactable
  (Session info: chrome=87.0.4280.66)
Build info: version: '3.141.59', revision: 'e82be7d358', time: '2018-11-14T08:17:03'
System info: host: 'ATMECSINLT-405', ip: '192.168.137.1', os.name: 'Windows 10', os.arch: 'amd64', os.version: '10.0', java.version: '1.8.0_251'
Driver info: org.openqa.selenium.chrome.ChromeDriver
Capabilities {acceptInsecureCerts: false, browserName: chrome, browserVersion: 87.0.4280.66, chrome: {chromedriverVersion: 87.0.4280.20 (c99e81631faa0..., userDataDir: C:\Users\ANSUMA~1.PAR\AppDa...}, goog:chromeOptions: {debuggerAddress: localhost:65378}, javascriptEnabled: true, networkConnectionEnabled: false, pageLoadStrategy: normal, platform: WINDOWS, platformName: WINDOWS, proxy: Proxy(), setWindowRect: true, strictFileInteractability: false, timeouts: {implicit: 0, pageLoad: 300000, script: 30000}, unhandledPromptBehavior: dismiss and notify, webauthn:virtualAuthenticators: true}
Session ID: 87c75a20289707c93a1d9ab42512c2c2
at sun.reflect.NativeConstructorAccessorImpl.newInstance0(Native Method)
at sun.reflect.NativeConstructorAccessorImpl.newInstance(Unknown Source)
at sun.reflect.DelegatingConstructorAccessorImpl.newInstance(Unknown Source)
at java.lang.reflect.Constructor.newInstance(Unknown Source)
at org.openqa.selenium.remote.http.W3CHttpResponseCodec.createException(W3CHttpResponseCodec.java:187)
at org.openqa.selenium.remote.http.W3CHttpResponseCodec.decode(W3CHttpResponseCodec.java:122)
at org.openqa.selenium.remote.http.W3CHttpResponseCodec.decode(W3CHttpResponseCodec.java:49)
at org.openqa.selenium.remote.HttpCommandExecutor.execute(HttpCommandExecutor.java:158)
at org.openqa.selenium.remote.service.DriverCommandExecutor.execute(DriverCommandExecutor.java:83)
at org.openqa.selenium.remote.RemoteWebDriver.execute(RemoteWebDriver.java:552)
at org.openqa.selenium.remote.RemoteWebElement.execute(RemoteWebElement.java:285)
at org.openqa.selenium.remote.RemoteWebElement.sendKeys(RemoteWebElement.java:106)
at com.atmecs.falcon.automation.ui.selenium.TextField.enterTextField(TextField.java:45)
at com.atmecs.falcon_web.demoblaze.pages.SignupPage.signUp(SignupPage.java:23)
at com.atmecs.falcon_web.demoblaze.testscript.SignUpTest.testSignUp(SignUpTest.java:33)
at sun.reflect.NativeMethodAccessorImpl.invoke0(Native Method)
at sun.reflect.NativeMethodAccessorImpl.invoke(Unknown Source)
at sun.reflect.DelegatingMethodAccessorImpl.invoke(Unknown Source)
at java.lang.reflect.Method.invoke(Unknown Source)
at org.testng.internal.MethodInvocationHelper.invokeMethod(MethodInvocationHelper.java:124)
at org.testng.internal.Invoker.invokeMethod(Invoker.java:583)
at org.testng.internal.Invoker.invokeTestMethod(Invoker.java:719)
at org.testng.internal.Invoker.invokeTestMethods(Invoker.java:989)
at org.testng.internal.TestMethodWorker.invokeTestMethods(TestMethodWorker.java:125)
at org.testng.internal.TestMethodWorker.run(TestMethodWorker.java:109)
at org.testng.TestRunner.privateRun(TestRunner.java:648)
at org.testng.TestRunner.run(TestRunner.java:505)
at org.testng.SuiteRunner.runTest(SuiteRunner.java:455)
at org.testng.SuiteRunner.runSequentially(SuiteRunner.java:450)
at org.testng.SuiteRunner.privateRun(SuiteRunner.java:415)
at org.testng.SuiteRunner.run(SuiteRunner.java:364)
at org.testng.SuiteRunnerWorker.runSuite(SuiteRunnerWorker.java:52)
at org.testng.SuiteRunnerWorker.run(SuiteRunnerWorker.java:84)
at java.util.concurrent.ThreadPoolExecutor.runWorker(Unknown Source)
at java.util.concurrent.ThreadPoolExecutor$Worker.run(Unknown Source)
at java.lang.Thread.run(Unknown Source)
]]>
            </full-stacktrace>
          </exception> <!-- org.openqa.selenium.ElementNotInteractableException -->
          <reporter-output>
            <line>
              <![CDATA[Click on SignUp Link]]>
            </line>
            <line>
              <![CDATA[Insert Username to Signup]]>
            </line>
          </reporter-output>
        </test-method> <!-- testSignUp -->
        <test-method status="PASS" signature="closeBrowser()[pri:0, instance:com.atmecs.falcon_web.demoblaze.testscript.SignUpTest@5266b44f]" name="closeBrowser" is-config="true" duration-ms="187" started-at="2020-12-01T13:04:19Z" finished-at="2020-12-01T13:04:19Z">
          <reporter-output>
          </reporter-output>
        </test-method> <!-- closeBrowser -->
        <test-method status="FAIL" signature="teardown()[pri:0, instance:com.atmecs.falcon_web.demoblaze.testscript.SignUpTest@5266b44f]" name="teardown" is-config="true" duration-ms="88" started-at="2020-12-01T13:04:19Z" finished-at="2020-12-01T13:04:19Z">
          <exception class="org.openqa.selenium.NoSuchSessionException">
            <message>
              <![CDATA[invalid session id
Build info: version: '3.141.59', revision: 'e82be7d358', time: '2018-11-14T08:17:03'
System info: host: 'ATMECSINLT-405', ip: '192.168.137.1', os.name: 'Windows 10', os.arch: 'amd64', os.version: '10.0', java.version: '1.8.0_251'
Driver info: org.openqa.selenium.chrome.ChromeDriver
Capabilities {acceptInsecureCerts: false, browserName: chrome, browserVersion: 87.0.4280.66, chrome: {chromedriverVersion: 87.0.4280.20 (c99e81631faa0..., userDataDir: C:\Users\ANSUMA~1.PAR\AppDa...}, goog:chromeOptions: {debuggerAddress: localhost:65378}, javascriptEnabled: true, networkConnectionEnabled: false, pageLoadStrategy: normal, platform: WINDOWS, platformName: WINDOWS, proxy: Proxy(), setWindowRect: true, strictFileInteractability: false, timeouts: {implicit: 0, pageLoad: 300000, script: 30000}, unhandledPromptBehavior: dismiss and notify, webauthn:virtualAuthenticators: true}
Session ID: 87c75a20289707c93a1d9ab42512c2c2]]>
            </message>
            <full-stacktrace>
              <![CDATA[org.openqa.selenium.NoSuchSessionException: invalid session id
Build info: version: '3.141.59', revision: 'e82be7d358', time: '2018-11-14T08:17:03'
System info: host: 'ATMECSINLT-405', ip: '192.168.137.1', os.name: 'Windows 10', os.arch: 'amd64', os.version: '10.0', java.version: '1.8.0_251'
Driver info: org.openqa.selenium.chrome.ChromeDriver
Capabilities {acceptInsecureCerts: false, browserName: chrome, browserVersion: 87.0.4280.66, chrome: {chromedriverVersion: 87.0.4280.20 (c99e81631faa0..., userDataDir: C:\Users\ANSUMA~1.PAR\AppDa...}, goog:chromeOptions: {debuggerAddress: localhost:65378}, javascriptEnabled: true, networkConnectionEnabled: false, pageLoadStrategy: normal, platform: WINDOWS, platformName: WINDOWS, proxy: Proxy(), setWindowRect: true, strictFileInteractability: false, timeouts: {implicit: 0, pageLoad: 300000, script: 30000}, unhandledPromptBehavior: dismiss and notify, webauthn:virtualAuthenticators: true}
Session ID: 87c75a20289707c93a1d9ab42512c2c2
at sun.reflect.NativeConstructorAccessorImpl.newInstance0(Native Method)
at sun.reflect.NativeConstructorAccessorImpl.newInstance(Unknown Source)
at sun.reflect.DelegatingConstructorAccessorImpl.newInstance(Unknown Source)
at java.lang.reflect.Constructor.newInstance(Unknown Source)
at org.openqa.selenium.remote.http.W3CHttpResponseCodec.createException(W3CHttpResponseCodec.java:187)
at org.openqa.selenium.remote.http.W3CHttpResponseCodec.decode(W3CHttpResponseCodec.java:122)
at org.openqa.selenium.remote.http.W3CHttpResponseCodec.decode(W3CHttpResponseCodec.java:49)
at org.openqa.selenium.remote.HttpCommandExecutor.execute(HttpCommandExecutor.java:158)
at org.openqa.selenium.remote.service.DriverCommandExecutor.execute(DriverCommandExecutor.java:83)
at org.openqa.selenium.remote.RemoteWebDriver.execute(RemoteWebDriver.java:552)
at org.openqa.selenium.remote.RemoteWebDriver.execute(RemoteWebDriver.java:609)
at org.openqa.selenium.remote.RemoteWebDriver.close(RemoteWebDriver.java:442)
at com.atmecs.falcon.automation.ui.selenium.Browser.closeBrowser(Browser.java:117)
at com.atmecs.falcon_web.demoblaze.testsuite.SampleTestSuiteBase.teardown(SampleTestSuiteBase.java:24)
at sun.reflect.NativeMethodAccessorImpl.invoke0(Native Method)
at sun.reflect.NativeMethodAccessorImpl.invoke(Unknown Source)
at sun.reflect.DelegatingMethodAccessorImpl.invoke(Unknown Source)
at java.lang.reflect.Method.invoke(Unknown Source)
at org.testng.internal.MethodInvocationHelper.invokeMethod(MethodInvocationHelper.java:124)
at org.testng.internal.MethodInvocationHelper.invokeMethodConsideringTimeout(MethodInvocationHelper.java:59)
at org.testng.internal.Invoker.invokeConfigurationMethod(Invoker.java:458)
at org.testng.internal.Invoker.invokeConfigurations(Invoker.java:222)
at org.testng.internal.Invoker.invokeConfigurations(Invoker.java:142)
at org.testng.internal.TestMethodWorker.invokeAfterClassMethods(TestMethodWorker.java:214)
at org.testng.internal.TestMethodWorker.run(TestMethodWorker.java:111)
at org.testng.TestRunner.privateRun(TestRunner.java:648)
at org.testng.TestRunner.run(TestRunner.java:505)
at org.testng.SuiteRunner.runTest(SuiteRunner.java:455)
at org.testng.SuiteRunner.runSequentially(SuiteRunner.java:450)
at org.testng.SuiteRunner.privateRun(SuiteRunner.java:415)
at org.testng.SuiteRunner.run(SuiteRunner.java:364)
at org.testng.SuiteRunnerWorker.runSuite(SuiteRunnerWorker.java:52)
at org.testng.SuiteRunnerWorker.run(SuiteRunnerWorker.java:84)
at java.util.concurrent.ThreadPoolExecutor.runWorker(Unknown Source)
at java.util.concurrent.ThreadPoolExecutor$Worker.run(Unknown Source)
at java.lang.Thread.run(Unknown Source)
]]>
            </full-stacktrace>
          </exception> <!-- org.openqa.selenium.NoSuchSessionException -->
          <reporter-output>
          </reporter-output>
        </test-method> <!-- teardown -->
      </class> <!-- com.atmecs.falcon_web.demoblaze.testscript.SignUpTest -->
    </test> <!-- SampleTest -->
  </suite> <!-- Falcon-Sample-WIN_10_chrome_84 -->
  <suite name="Falcon-Sample- WIN_10_firefox_83" duration-ms="63244" started-at="2020-12-01T13:03:37Z" finished-at="2020-12-01T13:04:40Z">
    <groups>
    </groups>
    <test name="SampleTest" duration-ms="63244" started-at="2020-12-01T13:03:37Z" finished-at="2020-12-01T13:04:40Z">
      <class name="com.atmecs.falcon_web.demoblaze.testscript.SignUpTest">
        <test-method status="PASS" signature="preSetup()[pri:0, instance:com.atmecs.falcon_web.demoblaze.testscript.SignUpTest@44912bd]" name="preSetup" is-config="true" duration-ms="131" started-at="2020-12-01T13:03:37Z" finished-at="2020-12-01T13:03:37Z">
          <reporter-output>
          </reporter-output>
        </test-method> <!-- preSetup -->
        <test-method status="PASS" signature="initalizeBrowser(java.lang.String, java.lang.String, java.lang.String, java.lang.String)[pri:0, instance:com.atmecs.falcon_web.demoblaze.testscript.SignUpTest@44912bd]" name="initalizeBrowser" is-config="true" duration-ms="1" started-at="2020-12-01T13:03:37Z" finished-at="2020-12-01T13:03:37Z">
          <params>
            <param index="0">
              <value>
                <![CDATA[ WIN]]>
              </value>
            </param>
            <param index="1">
              <value>
                <![CDATA[10]]>
              </value>
            </param>
            <param index="2">
              <value>
                <![CDATA[firefox]]>
              </value>
            </param>
            <param index="3">
              <value>
                <![CDATA[83]]>
              </value>
            </param>
          </params>
          <reporter-output>
          </reporter-output>
        </test-method> <!-- initalizeBrowser -->
        <test-method status="PASS" signature="testSignUp(java.lang.String, java.lang.String)[pri:0, instance:com.atmecs.falcon_web.demoblaze.testscript.SignUpTest@44912bd]" name="testSignUp" duration-ms="17894" started-at="2020-12-01T13:03:37Z" data-provider="DataSheet" finished-at="2020-12-01T13:03:55Z">
          <params>
            <param index="0">
              <value>
                <![CDATA[ansuman]]>
              </value>
            </param>
            <param index="1">
              <value>
                <![CDATA[Ansu@123]]>
              </value>
            </param>
          </params>
          <reporter-output>
            <line>
              <![CDATA[Click on SignUp Link]]>
            </line>
            <line>
              <![CDATA[Insert Username to Signup]]>
            </line>
            <line>
              <![CDATA[Insert Password to Signup]]>
            </line>
            <line>
              <![CDATA[Click On SignUp Button]]>
            </line>
            <line>
              <![CDATA[Getting Alert Message]]>
            </line>
            <line>
              <![CDATA[Alert Message = This user already exist.]]>
            </line>
          </reporter-output>
        </test-method> <!-- testSignUp -->
        <test-method status="PASS" signature="closeBrowser()[pri:0, instance:com.atmecs.falcon_web.demoblaze.testscript.SignUpTest@44912bd]" name="closeBrowser" is-config="true" duration-ms="6945" started-at="2020-12-01T13:03:55Z" finished-at="2020-12-01T13:04:02Z">
          <reporter-output>
          </reporter-output>
        </test-method> <!-- closeBrowser -->
        <test-method status="PASS" signature="initalizeBrowser(java.lang.String, java.lang.String, java.lang.String, java.lang.String)[pri:0, instance:com.atmecs.falcon_web.demoblaze.testscript.SignUpTest@44912bd]" name="initalizeBrowser" is-config="true" duration-ms="1" started-at="2020-12-01T13:04:02Z" finished-at="2020-12-01T13:04:02Z">
          <params>
            <param index="0">
              <value>
                <![CDATA[ WIN]]>
              </value>
            </param>
            <param index="1">
              <value>
                <![CDATA[10]]>
              </value>
            </param>
            <param index="2">
              <value>
                <![CDATA[firefox]]>
              </value>
            </param>
            <param index="3">
              <value>
                <![CDATA[83]]>
              </value>
            </param>
          </params>
          <reporter-output>
          </reporter-output>
        </test-method> <!-- initalizeBrowser -->
        <test-method status="PASS" signature="testSignUp(java.lang.String, java.lang.String)[pri:0, instance:com.atmecs.falcon_web.demoblaze.testscript.SignUpTest@44912bd]" name="testSignUp" duration-ms="17556" started-at="2020-12-01T13:04:02Z" data-provider="DataSheet" finished-at="2020-12-01T13:04:20Z">
          <params>
            <param index="0">
              <value>
                <![CDATA[ansumanparida]]>
              </value>
            </param>
            <param index="1">
              <value>
                <![CDATA[Ap@1234]]>
              </value>
            </param>
          </params>
          <reporter-output>
            <line>
              <![CDATA[Click on SignUp Link]]>
            </line>
            <line>
              <![CDATA[Insert Username to Signup]]>
            </line>
            <line>
              <![CDATA[Insert Password to Signup]]>
            </line>
            <line>
              <![CDATA[Click On SignUp Button]]>
            </line>
            <line>
              <![CDATA[Getting Alert Message]]>
            </line>
            <line>
              <![CDATA[Alert Message = This user already exist.]]>
            </line>
          </reporter-output>
        </test-method> <!-- testSignUp -->
        <test-method status="PASS" signature="closeBrowser()[pri:0, instance:com.atmecs.falcon_web.demoblaze.testscript.SignUpTest@44912bd]" name="closeBrowser" is-config="true" duration-ms="2214" started-at="2020-12-01T13:04:20Z" finished-at="2020-12-01T13:04:22Z">
          <reporter-output>
          </reporter-output>
        </test-method> <!-- closeBrowser -->
        <test-method status="PASS" signature="initalizeBrowser(java.lang.String, java.lang.String, java.lang.String, java.lang.String)[pri:0, instance:com.atmecs.falcon_web.demoblaze.testscript.SignUpTest@44912bd]" name="initalizeBrowser" is-config="true" duration-ms="0" started-at="2020-12-01T13:04:22Z" finished-at="2020-12-01T13:04:22Z">
          <params>
            <param index="0">
              <value>
                <![CDATA[ WIN]]>
              </value>
            </param>
            <param index="1">
              <value>
                <![CDATA[10]]>
              </value>
            </param>
            <param index="2">
              <value>
                <![CDATA[firefox]]>
              </value>
            </param>
            <param index="3">
              <value>
                <![CDATA[83]]>
              </value>
            </param>
          </params>
          <reporter-output>
          </reporter-output>
        </test-method> <!-- initalizeBrowser -->
        <test-method status="PASS" signature="testSignUp(java.lang.String, java.lang.String)[pri:0, instance:com.atmecs.falcon_web.demoblaze.testscript.SignUpTest@44912bd]" name="testSignUp" duration-ms="13831" started-at="2020-12-01T13:04:22Z" data-provider="DataSheet" finished-at="2020-12-01T13:04:36Z">
          <params>
            <param index="0">
              <value>
                <![CDATA[atmecs]]>
              </value>
            </param>
            <param index="1">
              <value>
                <![CDATA[Atmecs@1]]>
              </value>
            </param>
          </params>
          <reporter-output>
            <line>
              <![CDATA[Click on SignUp Link]]>
            </line>
            <line>
              <![CDATA[Insert Username to Signup]]>
            </line>
            <line>
              <![CDATA[Insert Password to Signup]]>
            </line>
            <line>
              <![CDATA[Click On SignUp Button]]>
            </line>
            <line>
              <![CDATA[Getting Alert Message]]>
            </line>
            <line>
              <![CDATA[Alert Message = This user already exist.]]>
            </line>
          </reporter-output>
        </test-method> <!-- testSignUp -->
        <test-method status="PASS" signature="closeBrowser()[pri:0, instance:com.atmecs.falcon_web.demoblaze.testscript.SignUpTest@44912bd]" name="closeBrowser" is-config="true" duration-ms="3986" started-at="2020-12-01T13:04:36Z" finished-at="2020-12-01T13:04:40Z">
          <reporter-output>
          </reporter-output>
        </test-method> <!-- closeBrowser -->
        <test-method status="FAIL" signature="teardown()[pri:0, instance:com.atmecs.falcon_web.demoblaze.testscript.SignUpTest@44912bd]" name="teardown" is-config="true" duration-ms="9" started-at="2020-12-01T13:04:40Z" finished-at="2020-12-01T13:04:40Z">
          <exception class="org.openqa.selenium.NoSuchSessionException">
            <message>
              <![CDATA[Tried to run command without establishing a connection
Build info: version: '3.141.59', revision: 'e82be7d358', time: '2018-11-14T08:17:03'
System info: host: 'ATMECSINLT-405', ip: '192.168.137.1', os.name: 'Windows 10', os.arch: 'amd64', os.version: '10.0', java.version: '1.8.0_251'
Driver info: org.openqa.selenium.firefox.FirefoxDriver
Capabilities {acceptInsecureCerts: true, browserName: firefox, browserVersion: 83.0, javascriptEnabled: true, moz:accessibilityChecks: false, moz:buildID: 20201112153044, moz:geckodriverVersion: 0.28.0, moz:headless: false, moz:processID: 15400, moz:profile: C:\Users\ansuman.parida\App..., moz:shutdownTimeout: 60000, moz:useNonSpecCompliantPointerOrigin: false, moz:webdriverClick: true, pageLoadStrategy: normal, platform: WINDOWS, platformName: WINDOWS, platformVersion: 10.0, rotatable: false, setWindowRect: true, strictFileInteractability: false, timeouts: {implicit: 0, pageLoad: 300000, script: 30000}, unhandledPromptBehavior: dismiss and notify}
Session ID: 1687fb49-75da-4e01-8e60-62bc5dcb1c18]]>
            </message>
            <full-stacktrace>
              <![CDATA[org.openqa.selenium.NoSuchSessionException: Tried to run command without establishing a connection
Build info: version: '3.141.59', revision: 'e82be7d358', time: '2018-11-14T08:17:03'
System info: host: 'ATMECSINLT-405', ip: '192.168.137.1', os.name: 'Windows 10', os.arch: 'amd64', os.version: '10.0', java.version: '1.8.0_251'
Driver info: org.openqa.selenium.firefox.FirefoxDriver
Capabilities {acceptInsecureCerts: true, browserName: firefox, browserVersion: 83.0, javascriptEnabled: true, moz:accessibilityChecks: false, moz:buildID: 20201112153044, moz:geckodriverVersion: 0.28.0, moz:headless: false, moz:processID: 15400, moz:profile: C:\Users\ansuman.parida\App..., moz:shutdownTimeout: 60000, moz:useNonSpecCompliantPointerOrigin: false, moz:webdriverClick: true, pageLoadStrategy: normal, platform: WINDOWS, platformName: WINDOWS, platformVersion: 10.0, rotatable: false, setWindowRect: true, strictFileInteractability: false, timeouts: {implicit: 0, pageLoad: 300000, script: 30000}, unhandledPromptBehavior: dismiss and notify}
Session ID: 1687fb49-75da-4e01-8e60-62bc5dcb1c18
at sun.reflect.NativeConstructorAccessorImpl.newInstance0(Native Method)
at sun.reflect.NativeConstructorAccessorImpl.newInstance(Unknown Source)
at sun.reflect.DelegatingConstructorAccessorImpl.newInstance(Unknown Source)
at java.lang.reflect.Constructor.newInstance(Unknown Source)
at org.openqa.selenium.remote.http.W3CHttpResponseCodec.createException(W3CHttpResponseCodec.java:187)
at org.openqa.selenium.remote.http.W3CHttpResponseCodec.decode(W3CHttpResponseCodec.java:122)
at org.openqa.selenium.remote.http.W3CHttpResponseCodec.decode(W3CHttpResponseCodec.java:49)
at org.openqa.selenium.remote.HttpCommandExecutor.execute(HttpCommandExecutor.java:158)
at org.openqa.selenium.remote.service.DriverCommandExecutor.execute(DriverCommandExecutor.java:83)
at org.openqa.selenium.remote.RemoteWebDriver.execute(RemoteWebDriver.java:552)
at org.openqa.selenium.remote.RemoteWebDriver.execute(RemoteWebDriver.java:609)
at org.openqa.selenium.remote.RemoteWebDriver.close(RemoteWebDriver.java:442)
at com.atmecs.falcon.automation.ui.selenium.Browser.closeBrowser(Browser.java:117)
at com.atmecs.falcon_web.demoblaze.testsuite.SampleTestSuiteBase.teardown(SampleTestSuiteBase.java:24)
at sun.reflect.NativeMethodAccessorImpl.invoke0(Native Method)
at sun.reflect.NativeMethodAccessorImpl.invoke(Unknown Source)
at sun.reflect.DelegatingMethodAccessorImpl.invoke(Unknown Source)
at java.lang.reflect.Method.invoke(Unknown Source)
at org.testng.internal.MethodInvocationHelper.invokeMethod(MethodInvocationHelper.java:124)
at org.testng.internal.MethodInvocationHelper.invokeMethodConsideringTimeout(MethodInvocationHelper.java:59)
at org.testng.internal.Invoker.invokeConfigurationMethod(Invoker.java:458)
at org.testng.internal.Invoker.invokeConfigurations(Invoker.java:222)
at org.testng.internal.Invoker.invokeConfigurations(Invoker.java:142)
at org.testng.internal.TestMethodWorker.invokeAfterClassMethods(TestMethodWorker.java:214)
at org.testng.internal.TestMethodWorker.run(TestMethodWorker.java:111)
at org.testng.TestRunner.privateRun(TestRunner.java:648)
at org.testng.TestRunner.run(TestRunner.java:505)
at org.testng.SuiteRunner.runTest(SuiteRunner.java:455)
at org.testng.SuiteRunner.runSequentially(SuiteRunner.java:450)
at org.testng.SuiteRunner.privateRun(SuiteRunner.java:415)
at org.testng.SuiteRunner.run(SuiteRunner.java:364)
at org.testng.SuiteRunnerWorker.runSuite(SuiteRunnerWorker.java:52)
at org.testng.SuiteRunnerWorker.run(SuiteRunnerWorker.java:84)
at java.util.concurrent.ThreadPoolExecutor.runWorker(Unknown Source)
at java.util.concurrent.ThreadPoolExecutor$Worker.run(Unknown Source)
at java.lang.Thread.run(Unknown Source)
]]>
            </full-stacktrace>
          </exception> <!-- org.openqa.selenium.NoSuchSessionException -->
          <reporter-output>
          </reporter-output>
        </test-method> <!-- teardown -->
      </class> <!-- com.atmecs.falcon_web.demoblaze.testscript.SignUpTest -->
    </test> <!-- SampleTest -->
  </suite> <!-- Falcon-Sample- WIN_10_firefox_83 -->
</testng-results>
